
  ==========================================
  Studio Pro version: 6.5.4
  Started at: 15.11.2021, 13:20:34
  ==========================================
  

[2021-11-15T10:28:12.107Z] : [success]: Workflow успешно сохранен

[2021-11-15T10:28:12.125Z] : [success]: Бот начал работу

[2021-11-15T10:28:12.126Z] : [info]: Robot start

[2021-11-15T10:28:16.007Z] : [success]: Бот успешно завершил работу, время выполнения: 3с 880мс

[2021-11-15T10:28:16.008Z] : [info]: ---------------------------------------------

[2021-11-15T10:28:34.688Z] : [success]: Workflow успешно сохранен

[2021-11-15T10:28:34.720Z] : [success]: Бот начал работу

[2021-11-15T10:28:34.721Z] : [info]: Robot start

[2021-11-15T10:28:38.994Z] : [success]: Бот успешно завершил работу, время выполнения: 4с 271мс

[2021-11-15T10:28:38.995Z] : [info]: ---------------------------------------------

[2021-11-15T10:29:15.071Z] : [success]: Workflow успешно сохранен

[2021-11-15T10:29:15.272Z] : [error]: Необходимо заполнить параметры действия: Лог в консоль

[2021-11-15T10:29:15.275Z] : [info]: ---------------------------------------------

[2021-11-15T10:29:25.965Z] : [success]: Workflow успешно сохранен

[2021-11-15T10:29:25.982Z] : [success]: Бот начал работу

[2021-11-15T10:29:25.983Z] : [info]: Robot start

[2021-11-15T10:29:30.005Z] : [error]: mailCount is not defined

[2021-11-15T10:29:30.008Z] : [error]: Время выполнения: 4с 22мс

[2021-11-15T10:29:30.009Z] : [info]: ---------------------------------------------

[2021-11-15T10:30:11.048Z] : [success]: Workflow успешно сохранен

[2021-11-15T10:30:11.086Z] : [success]: Бот начал работу

[2021-11-15T10:30:11.087Z] : [info]: Robot start

[2021-11-15T10:30:15.021Z] : [error]: Cannot read property 'text' of undefined

[2021-11-15T10:30:15.024Z] : [error]: Время выполнения: 3с 934мс

[2021-11-15T10:30:15.025Z] : [info]: ---------------------------------------------

[2021-11-15T10:34:27.967Z] : [success]: Workflow успешно сохранен

[2021-11-15T10:34:28.000Z] : [success]: Бот начал работу

[2021-11-15T10:34:28.001Z] : [info]: Robot start

[2021-11-15T10:34:30.007Z] : [error]: Cannot read property 'text' of undefined

[2021-11-15T10:34:30.010Z] : [error]: Время выполнения: 2с 6мс

[2021-11-15T10:34:30.012Z] : [info]: ---------------------------------------------

[2021-11-15T10:35:43.252Z] : [success]: Workflow успешно сохранен

[2021-11-15T10:35:43.274Z] : [success]: Бот начал работу

[2021-11-15T10:35:43.275Z] : [info]: Robot start

[2021-11-15T10:35:45.007Z] : [error]: Cannot read property 'text' of undefined

[2021-11-15T10:35:45.009Z] : [error]: Время выполнения: 1с 732мс

[2021-11-15T10:35:45.010Z] : [info]: ---------------------------------------------

[2021-11-15T10:36:42.950Z] : [success]: Workflow успешно сохранен

[2021-11-15T10:36:42.969Z] : [success]: Бот начал работу

[2021-11-15T10:36:42.969Z] : [info]: Robot start

[2021-11-15T10:36:46.035Z] : [success]: Бот успешно завершил работу, время выполнения: 3с 55мс

[2021-11-15T10:36:46.036Z] : [info]: ---------------------------------------------

[2021-11-15T10:37:46.260Z] : [success]: Workflow успешно сохранен

[2021-11-15T10:37:51.076Z] : [success]: Бот начал работу

[2021-11-15T10:37:51.077Z] : [info]: Robot start

[2021-11-15T10:37:56.002Z] : [success]: Бот успешно завершил работу, время выполнения: 4с 923мс

[2021-11-15T10:37:56.003Z] : [info]: ---------------------------------------------

[2021-11-15T10:38:48.717Z] : [success]: Workflow успешно сохранен

[2021-11-15T10:38:48.729Z] : [success]: Бот начал работу

[2021-11-15T10:38:48.730Z] : [info]: Robot start

[2021-11-15T10:38:51.383Z] : [info]: egfhgjge1111

[2021-11-15T10:39:54.536Z] : [error]: Script Stopped.

[2021-11-15T10:39:54.539Z] : [info]: ---------------------------------------------

[2021-11-15T11:04:14.099Z] : [success]: Workflow успешно сохранен

[2021-11-15T11:04:14.120Z] : [success]: Бот начал работу

[2021-11-15T11:04:14.121Z] : [info]: Robot start

[2021-11-15T11:04:56.678Z] : [error]: Uncaught (in promise): t: {"headers":{"normalizedNames":{},"lazyUpdate":null},"status":500,"statusText":"Internal Server Error","url":"http://localhost:5000/api/stop","ok":false,"name":"HttpErrorResponse","message":"Http failure response for http://localhost:5000/api/stop: 500 Internal Server Error","error":{"statusCode":500,"message":"Internal server error"}}

[2021-11-15T11:04:58.727Z] : [error]: Script Stopped.

[2021-11-15T11:04:58.730Z] : [info]: ---------------------------------------------

[2021-11-15T11:05:30.303Z] : [success]: Workflow успешно сохранен

[2021-11-15T11:05:30.326Z] : [success]: Бот начал работу

[2021-11-15T11:05:30.327Z] : [info]: Robot start

[2021-11-15T11:05:33.133Z] : [info]: egfhgjge1111

[2021-11-15T11:05:34.009Z] : [success]: Бот успешно завершил работу, время выполнения: 3с 681мс

[2021-11-15T11:05:34.010Z] : [info]: ---------------------------------------------

[2021-11-15T11:05:46.377Z] : [success]: Workflow успешно сохранен

[2021-11-15T11:05:46.407Z] : [success]: Бот начал работу

[2021-11-15T11:05:46.408Z] : [info]: Robot start

[2021-11-15T11:05:48.547Z] : [info]: 1

[2021-11-15T11:05:50.002Z] : [success]: Бот успешно завершил работу, время выполнения: 3с 593мс

[2021-11-15T11:05:50.003Z] : [info]: ---------------------------------------------

[2021-11-15T11:06:05.087Z] : [success]: Workflow успешно сохранен

[2021-11-15T11:06:05.104Z] : [success]: Бот начал работу

[2021-11-15T11:06:05.104Z] : [info]: Robot start

[2021-11-15T11:06:44.079Z] : [error]: Uncaught (in promise): t: {"headers":{"normalizedNames":{},"lazyUpdate":null},"status":500,"statusText":"Internal Server Error","url":"http://localhost:5000/api/stop","ok":false,"name":"HttpErrorResponse","message":"Http failure response for http://localhost:5000/api/stop: 500 Internal Server Error","error":{"statusCode":500,"message":"Internal server error"}}

[2021-11-15T11:07:11.645Z] : [error]: Script Stopped.

[2021-11-15T11:07:11.652Z] : [info]: ---------------------------------------------

[2021-11-15T11:08:06.771Z] : [success]: Бот начал работу

[2021-11-15T11:08:06.772Z] : [info]: Robot start

[2021-11-15T11:09:32.290Z] : [error]: Script Stopped.

[2021-11-15T11:09:32.293Z] : [info]: ---------------------------------------------

[2021-11-15T11:09:44.267Z] : [success]: Workflow успешно сохранен

[2021-11-15T11:09:44.284Z] : [success]: Бот начал работу

[2021-11-15T11:09:44.284Z] : [info]: Robot start

[2021-11-15T11:09:46.736Z] : [info]: 1

[2021-11-15T11:09:47.996Z] : [success]: Бот успешно завершил работу, время выполнения: 3с 710мс

[2021-11-15T11:09:47.997Z] : [info]: ---------------------------------------------

[2021-11-15T11:10:23.443Z] : [success]: Бот начал работу

[2021-11-15T11:10:23.446Z] : [info]: Robot start

[2021-11-15T11:10:26.998Z] : [error]: Traceback (most recent call last):
  File "D:\Projects\Work\Scripts\script.py", line 1, in <module>
    print(letterText)
NameError: name 'letterText' is not defined


[2021-11-15T11:10:27.001Z] : [error]: Время выполнения: 3с 552мс

[2021-11-15T11:10:27.002Z] : [info]: ---------------------------------------------

[2021-11-15T11:11:04.472Z] : [success]: Workflow успешно сохранен

[2021-11-15T11:11:04.500Z] : [success]: Бот начал работу

[2021-11-15T11:11:04.500Z] : [info]: Robot start

[2021-11-15T11:11:08.001Z] : [error]: Traceback (most recent call last):
  File "D:\Projects\Work\Scripts\script.py", line 1, in <module>
    print(x)
NameError: name 'x' is not defined


[2021-11-15T11:11:08.004Z] : [error]: Время выполнения: 3с 501мс

[2021-11-15T11:11:08.005Z] : [info]: ---------------------------------------------

[2021-11-15T11:12:31.194Z] : [success]: Workflow успешно сохранен

[2021-11-15T11:12:31.213Z] : [success]: Бот начал работу

[2021-11-15T11:12:31.214Z] : [info]: Robot start

[2021-11-15T11:12:35.005Z] : [error]: Traceback (most recent call last):
  File "D:\Projects\Work\Scripts\script.py", line 4, in <module>
    x()
TypeError: x() missing 1 required positional argument: 'letterText'


[2021-11-15T11:12:35.008Z] : [error]: Время выполнения: 3с 791мс

[2021-11-15T11:12:35.009Z] : [info]: ---------------------------------------------

[2021-11-15T11:13:37.765Z] : [success]: Workflow успешно сохранен

[2021-11-15T11:13:37.789Z] : [success]: Бот начал работу

[2021-11-15T11:13:37.790Z] : [info]: Robot start

[2021-11-15T11:13:40.169Z] : [info]: 1

[2021-11-15T11:13:41.994Z] : [success]: Бот успешно завершил работу, время выполнения: 4с 203мс

[2021-11-15T11:13:41.996Z] : [info]: ---------------------------------------------

[2021-11-15T11:14:33.256Z] : [success]: Бот начал работу

[2021-11-15T11:14:33.259Z] : [info]: Robot start

[2021-11-15T11:14:37.001Z] : [error]: Traceback (most recent call last):
  File "D:\Projects\Work\Scripts\script.py", line 5, in <module>
    x(*args)
NameError: name 'args' is not defined


[2021-11-15T11:14:37.004Z] : [error]: Время выполнения: 3с 742мс

[2021-11-15T11:14:37.005Z] : [info]: ---------------------------------------------

[2021-11-15T11:17:35.571Z] : [success]: Workflow успешно сохранен

[2021-11-15T11:17:35.592Z] : [success]: Бот начал работу

[2021-11-15T11:17:35.593Z] : [info]: Robot start

[2021-11-15T11:17:38.151Z] : [info]: 

[2021-11-15T11:17:39.319Z] : [success]: Бот успешно завершил работу, время выполнения: 3с 723мс

[2021-11-15T11:17:39.320Z] : [info]: ---------------------------------------------

[2021-11-15T11:18:08.772Z] : [success]: Бот начал работу

[2021-11-15T11:18:08.774Z] : [info]: Robot start

[2021-11-15T11:18:11.001Z] : [info]: 

[2021-11-15T11:18:13.012Z] : [success]: Бот успешно завершил работу, время выполнения: 4с 236мс

[2021-11-15T11:18:13.013Z] : [info]: ---------------------------------------------

[2021-11-15T11:18:49.569Z] : [success]: Бот начал работу

[2021-11-15T11:18:49.571Z] : [info]: Robot start

[2021-11-15T11:18:51.809Z] : [info]: 

[2021-11-15T11:18:52.996Z] : [success]: Бот успешно завершил работу, время выполнения: 3с 423мс

[2021-11-15T11:18:52.997Z] : [info]: ---------------------------------------------

[2021-11-15T11:23:21.645Z] : [success]: Workflow успешно сохранен

[2021-11-15T11:23:21.662Z] : [success]: Бот начал работу

[2021-11-15T11:23:21.663Z] : [info]: Robot start

[2021-11-15T11:23:24.374Z] : [info]: 

[2021-11-15T11:23:26.005Z] : [success]: Бот успешно завершил работу, время выполнения: 4с 340мс

[2021-11-15T11:23:26.006Z] : [info]: ---------------------------------------------

[2021-11-15T11:23:52.681Z] : [success]: Workflow успешно сохранен

[2021-11-15T11:23:52.708Z] : [success]: Бот начал работу

[2021-11-15T11:23:52.708Z] : [info]: Robot start

[2021-11-15T11:23:55.016Z] : [info]: 213

[2021-11-15T11:23:56.005Z] : [success]: Бот успешно завершил работу, время выполнения: 3с 296мс

[2021-11-15T11:23:56.006Z] : [info]: ---------------------------------------------

[2021-11-15T11:24:44.900Z] : [success]: Бот начал работу

[2021-11-15T11:24:44.902Z] : [info]: Robot start

[2021-11-15T11:24:47.099Z] : [info]: 213

[2021-11-15T11:24:48.015Z] : [success]: Бот успешно завершил работу, время выполнения: 3с 111мс

[2021-11-15T11:24:48.017Z] : [info]: ---------------------------------------------

[2021-11-15T11:25:48.745Z] : [success]: Бот начал работу

[2021-11-15T11:25:48.747Z] : [info]: Robot start

[2021-11-15T11:25:51.835Z] : [info]: 213

[2021-11-15T11:25:53.015Z] : [success]: Бот успешно завершил работу, время выполнения: 4с 267мс

[2021-11-15T11:25:53.017Z] : [info]: ---------------------------------------------

[2021-11-15T11:26:48.101Z] : [warn]: Осталось малое количество свободной памяти (ОЗУ), 92.98% ОЗУ используется в настоящий момент (7439 Мб). Работа Studio Pro и исполнение ботов может быть нестабильным. Закройте неиспользуемые приложения, увеличьте объем памяти или оптимизируйте алгоритм

[2021-11-15T11:27:48.087Z] : [warn]: Осталось малое количество свободной памяти (ОЗУ), 90.89% ОЗУ используется в настоящий момент (7272 Мб). Работа Studio Pro и исполнение ботов может быть нестабильным. Закройте неиспользуемые приложения, увеличьте объем памяти или оптимизируйте алгоритм

[2021-11-15T11:29:18.097Z] : [warn]: Осталось малое количество свободной памяти (ОЗУ), 91.78% ОЗУ используется в настоящий момент (7343 Мб). Работа Studio Pro и исполнение ботов может быть нестабильным. Закройте неиспользуемые приложения, увеличьте объем памяти или оптимизируйте алгоритм

[2021-11-15T11:31:18.098Z] : [warn]: Осталось малое количество свободной памяти (ОЗУ), 90.4% ОЗУ используется в настоящий момент (7233 Мб). Работа Studio Pro и исполнение ботов может быть нестабильным. Закройте неиспользуемые приложения, увеличьте объем памяти или оптимизируйте алгоритм

[2021-11-15T11:36:36.471Z] : [success]: Workflow успешно сохранен

[2021-11-15T11:36:50.808Z] : [error]: Unable to deserialize cloned data due to invalid or unsupported version.

[2021-11-15T11:36:50.815Z] : [error]: Unable to deserialize cloned data due to invalid or unsupported version.

